

Started GET "/assets/rails.png" for 127.0.0.1 at 2012-11-13 09:11:57 -0200
Connecting to database specified by database.yml
Served asset /rails.png - 200 OK (40ms)


Started GET "/rails/info/properties" for 127.0.0.1 at 2012-11-13 09:12:01 -0200
Processing by Rails::InfoController#properties as HTML
  Rendered inline template (5.9ms)
Completed 200 OK in 76ms (Views: 75.4ms | ActiveRecord: 0.0ms)


Started GET "/rails/info/properties" for 127.0.0.1 at 2012-11-13 09:12:02 -0200
Processing by Rails::InfoController#properties as HTML
  Rendered inline template (0.6ms)
Completed 200 OK in 2ms (Views: 1.4ms | ActiveRecord: 0.0ms)
Connecting to database specified by database.yml


Started GET "/user" for 127.0.0.1 at 2012-11-13 09:27:08 -0200

ActionController::RoutingError (No route matches [GET] "/user"):
  actionpack (3.2.8) lib/action_dispatch/middleware/debug_exceptions.rb:21:in `call'
  actionpack (3.2.8) lib/action_dispatch/middleware/show_exceptions.rb:56:in `call'
  railties (3.2.8) lib/rails/rack/logger.rb:26:in `call_app'
  railties (3.2.8) lib/rails/rack/logger.rb:16:in `call'
  actionpack (3.2.8) lib/action_dispatch/middleware/request_id.rb:22:in `call'
  rack (1.4.1) lib/rack/methodoverride.rb:21:in `call'
  rack (1.4.1) lib/rack/runtime.rb:17:in `call'
  activesupport (3.2.8) lib/active_support/cache/strategy/local_cache.rb:72:in `call'
  rack (1.4.1) lib/rack/lock.rb:15:in `call'
  actionpack (3.2.8) lib/action_dispatch/middleware/static.rb:62:in `call'
  railties (3.2.8) lib/rails/engine.rb:479:in `call'
  railties (3.2.8) lib/rails/application.rb:223:in `call'
  rack (1.4.1) lib/rack/content_length.rb:14:in `call'
  railties (3.2.8) lib/rails/rack/log_tailer.rb:17:in `call'
  rack (1.4.1) lib/rack/handler/webrick.rb:59:in `service'
  /home/furlane/.rvm/rubies/ruby-1.9.3-p286/lib/ruby/1.9.1/webrick/httpserver.rb:138:in `service'
  /home/furlane/.rvm/rubies/ruby-1.9.3-p286/lib/ruby/1.9.1/webrick/httpserver.rb:94:in `run'
  /home/furlane/.rvm/rubies/ruby-1.9.3-p286/lib/ruby/1.9.1/webrick/server.rb:191:in `block in start_thread'


  Rendered /home/furlane/.rvm/gems/ruby-1.9.3-p286/gems/actionpack-3.2.8/lib/action_dispatch/middleware/templates/rescues/routing_error.erb within rescues/layout (1.2ms)


Started GET "/users" for 127.0.0.1 at 2012-11-13 09:27:50 -0200
Processing by UsersController#index as HTML
Completed 500 Internal Server Error in 85ms

ActiveRecord::StatementInvalid (Could not find table 'users'):
  app/controllers/users_controller.rb:5:in `index'


  Rendered /home/furlane/.rvm/gems/ruby-1.9.3-p286/gems/actionpack-3.2.8/lib/action_dispatch/middleware/templates/rescues/_trace.erb (2.8ms)
  Rendered /home/furlane/.rvm/gems/ruby-1.9.3-p286/gems/actionpack-3.2.8/lib/action_dispatch/middleware/templates/rescues/_request_and_response.erb (2.0ms)
  Rendered /home/furlane/.rvm/gems/ruby-1.9.3-p286/gems/actionpack-3.2.8/lib/action_dispatch/middleware/templates/rescues/diagnostics.erb within rescues/layout (18.8ms)


Started GET "/users/index" for 127.0.0.1 at 2012-11-13 09:28:04 -0200
Processing by UsersController#show as HTML
  Parameters: {"id"=>"index"}
Completed 500 Internal Server Error in 2ms

ActiveRecord::StatementInvalid (Could not find table 'users'):
  app/controllers/users_controller.rb:16:in `show'


  Rendered /home/furlane/.rvm/gems/ruby-1.9.3-p286/gems/actionpack-3.2.8/lib/action_dispatch/middleware/templates/rescues/_trace.erb (2.7ms)
  Rendered /home/furlane/.rvm/gems/ruby-1.9.3-p286/gems/actionpack-3.2.8/lib/action_dispatch/middleware/templates/rescues/_request_and_response.erb (2.1ms)
  Rendered /home/furlane/.rvm/gems/ruby-1.9.3-p286/gems/actionpack-3.2.8/lib/action_dispatch/middleware/templates/rescues/diagnostics.erb within rescues/layout (17.4ms)


Started GET "/assets/rails.png" for 127.0.0.1 at 2012-11-13 09:28:58 -0200
Served asset /rails.png - 304 Not Modified (0ms)


Started GET "/users" for 127.0.0.1 at 2012-11-13 09:31:24 -0200
Processing by UsersController#index as HTML
Completed 500 Internal Server Error in 2ms

ActiveRecord::StatementInvalid (Could not find table 'users'):
  app/controllers/users_controller.rb:5:in `index'


  Rendered /home/furlane/.rvm/gems/ruby-1.9.3-p286/gems/actionpack-3.2.8/lib/action_dispatch/middleware/templates/rescues/_trace.erb (2.7ms)
  Rendered /home/furlane/.rvm/gems/ruby-1.9.3-p286/gems/actionpack-3.2.8/lib/action_dispatch/middleware/templates/rescues/_request_and_response.erb (1.9ms)
  Rendered /home/furlane/.rvm/gems/ruby-1.9.3-p286/gems/actionpack-3.2.8/lib/action_dispatch/middleware/templates/rescues/diagnostics.erb within rescues/layout (17.2ms)
